Flow report for ARM-Processor-CALab2
Fri Jun 18 21:44:40 2021
Quartus II 64-Bit Version 13.0.1 Build 232 06/12/2013 Service Pack 1 SJ Web Edition


---------------------
; Table of Contents ;
---------------------
  1. Legal Notice
  2. Flow Summary
  3. Flow Settings
  4. Flow Non-Default Global Settings
  5. Flow Elapsed Time
  6. Flow OS Summary
  7. Flow Log
  8. Flow Messages
  9. Flow Suppressed Messages



----------------
; Legal Notice ;
----------------
Copyright (C) 1991-2013 Altera Corporation
Your use of Altera Corporation's design tools, logic functions 
and other software and tools, and its AMPP partner logic 
functions, and any output files from any of the foregoing 
(including device programming or simulation files), and any 
associated documentation or information are expressly subject 
to the terms and conditions of the Altera Program License 
Subscription Agreement, Altera MegaCore Function License 
Agreement, or other applicable license agreement, including, 
without limitation, that your use is for the sole purpose of 
programming logic devices manufactured by Altera and sold by 
Altera or its authorized distributors.  Please refer to the 
applicable agreement for further details.



+--------------------------------------------------------------------------------------+
; Flow Summary                                                                         ;
+------------------------------------+-------------------------------------------------+
; Flow Status                        ; Successful - Fri Jun 18 21:44:35 2021           ;
; Quartus II 64-Bit Version          ; 13.0.1 Build 232 06/12/2013 SP 1 SJ Web Edition ;
; Revision Name                      ; ARM-Processor-CALab2                            ;
; Top-level Entity Name              ; MainTB                                          ;
; Family                             ; Cyclone IV GX                                   ;
; Device                             ; EP4CGX150DF31I7AD                               ;
; Timing Models                      ; Final                                           ;
; Total logic elements               ; 0 / 149,760 ( 0 % )                             ;
;     Total combinational functions  ; 0 / 149,760 ( 0 % )                             ;
;     Dedicated logic registers      ; 0 / 149,760 ( 0 % )                             ;
; Total registers                    ; 0                                               ;
; Total pins                         ; 69 / 508 ( 14 % )                               ;
; Total virtual pins                 ; 0                                               ;
; Total memory bits                  ; 0 / 6,635,520 ( 0 % )                           ;
; Embedded Multiplier 9-bit elements ; 0 / 720 ( 0 % )                                 ;
; Total GXB Receiver Channel PCS     ; 0 / 8 ( 0 % )                                   ;
; Total GXB Receiver Channel PMA     ; 0 / 8 ( 0 % )                                   ;
; Total GXB Transmitter Channel PCS  ; 0 / 8 ( 0 % )                                   ;
; Total GXB Transmitter Channel PMA  ; 0 / 8 ( 0 % )                                   ;
; Total PLLs                         ; 0 / 8 ( 0 % )                                   ;
+------------------------------------+-------------------------------------------------+


+------------------------------------------+
; Flow Settings                            ;
+-------------------+----------------------+
; Option            ; Setting              ;
+-------------------+----------------------+
; Start date & time ; 06/18/2021 21:43:57  ;
; Main task         ; Compilation          ;
; Revision Name     ; ARM-Processor-CALab2 ;
+-------------------+----------------------+


+------------------------------------------------------------------------------------------------------------------------+
; Flow Non-Default Global Settings                                                                                       ;
+-------------------------------------+--------------------------------+----------------------+-------------+------------+
; Assignment Name                     ; Value                          ; Default Value        ; Entity Name ; Section Id ;
+-------------------------------------+--------------------------------+----------------------+-------------+------------+
; COMPILER_SIGNATURE_ID               ; 75064541466451.162403643713564 ; --                   ; --          ; --         ;
; MAX_CORE_JUNCTION_TEMP              ; 100                            ; --                   ; --          ; --         ;
; MIN_CORE_JUNCTION_TEMP              ; -40                            ; --                   ; --          ; --         ;
; NOMINAL_CORE_SUPPLY_VOLTAGE         ; 1.2V                           ; --                   ; --          ; --         ;
; PARTITION_COLOR                     ; 16764057                       ; --                   ; MainTB      ; Top        ;
; PARTITION_FITTER_PRESERVATION_LEVEL ; PLACEMENT_AND_ROUTING          ; --                   ; MainTB      ; Top        ;
; PARTITION_NETLIST_TYPE              ; SOURCE                         ; --                   ; MainTB      ; Top        ;
; PROJECT_OUTPUT_DIRECTORY            ; output_files                   ; --                   ; --          ; --         ;
; TOP_LEVEL_ENTITY                    ; MainTB                         ; ARM-Processor-CALab2 ; --          ; --         ;
+-------------------------------------+--------------------------------+----------------------+-------------+------------+


+-------------------------------------------------------------------------------------------------------------------------------+
; Flow Elapsed Time                                                                                                             ;
+---------------------------+--------------+-------------------------+---------------------+------------------------------------+
; Module Name               ; Elapsed Time ; Average Processors Used ; Peak Virtual Memory ; Total CPU Time (on all processors) ;
+---------------------------+--------------+-------------------------+---------------------+------------------------------------+
; Analysis & Synthesis      ; 00:00:12     ; 1.0                     ; 5311 MB             ; 00:00:12                           ;
; Fitter                    ; 00:00:18     ; 1.0                     ; 5129 MB             ; 00:00:18                           ;
; Assembler                 ; 00:00:08     ; 1.0                     ; 4639 MB             ; 00:00:07                           ;
; TimeQuest Timing Analyzer ; 00:00:05     ; 1.0                     ; 4688 MB             ; 00:00:05                           ;
; Total                     ; 00:00:43     ; --                      ; --                  ; 00:00:42                           ;
+---------------------------+--------------+-------------------------+---------------------+------------------------------------+


+----------------------------------------------------------------------------------------+
; Flow OS Summary                                                                        ;
+---------------------------+------------------+-----------+------------+----------------+
; Module Name               ; Machine Hostname ; OS Name   ; OS Version ; Processor type ;
+---------------------------+------------------+-----------+------------+----------------+
; Analysis & Synthesis      ; DESKTOP-254608Q  ; Windows 7 ; 6.2        ; x86_64         ;
; Fitter                    ; DESKTOP-254608Q  ; Windows 7 ; 6.2        ; x86_64         ;
; Assembler                 ; DESKTOP-254608Q  ; Windows 7 ; 6.2        ; x86_64         ;
; TimeQuest Timing Analyzer ; DESKTOP-254608Q  ; Windows 7 ; 6.2        ; x86_64         ;
+---------------------------+------------------+-----------+------------+----------------+


------------
; Flow Log ;
------------
quartus_map --read_settings_files=on --write_settings_files=off ARM-Processor-CALab2 -c ARM-Processor-CALab2
quartus_fit --read_settings_files=off --write_settings_files=off ARM-Processor-CALab2 -c ARM-Processor-CALab2
quartus_asm --read_settings_files=off --write_settings_files=off ARM-Processor-CALab2 -c ARM-Processor-CALab2
quartus_sta ARM-Processor-CALab2 -c ARM-Processor-CALab2



